# JRE version: OpenJDK Runtime Environment Microsoft-11369865 (17.0.15+6) (build 17.0.15+6-LTS)
# Java VM: OpenJDK 64-Bit Server VM Microsoft-11369865 (17.0.15+6-LTS, mixed mode, sharing, tiered, compressed oops, compressed class ptrs, g1 gc, windows-amd64)
GC Precious Log:
 CPUs: 12 total, 12 available
 Memory: 16068M
 Large Page Support: Disabled
 NUMA Support: Disabled
 Compressed Oops: Enabled (Zero based)
 Heap Region Size: 2M
 Heap Min Capacity: 8M
 Heap Initial Capacity: 252M
 Heap Max Capacity: 4018M
 Pre-touch: Disabled
 Parallel Workers: 10
 Concurrent Workers: 3
 Concurrent Refinement Workers: 10
 Periodic GC: Disabled
Heap:
 garbage-first heap   total 258048K, used 25447K [0x0000000704e00000, 0x0000000800000000)
  region size 2048K, 12 young (24576K), 8 survivors (16384K)
 Metaspace       used 16889K, committed 17152K, reserved 1114112K
  class space    used 1911K, committed 2048K, reserved 1048576K
GC Heap History (6 events):
Event: 9.580 GC heap before
{Heap before GC invocations=0 (full 0):
 garbage-first heap   total 258048K, used 22528K [0x0000000704e00000, 0x0000000800000000)
  region size 2048K, 11 young (22528K), 0 survivors (0K)
 Metaspace       used 5869K, committed 6016K, reserved 1114112K
  class space    used 681K, committed 768K, reserved 1048576K
}
Event: 9.583 GC heap after
{Heap after GC invocations=1 (full 0):
 garbage-first heap   total 258048K, used 3951K [0x0000000704e00000, 0x0000000800000000)
  region size 2048K, 2 young (4096K), 2 survivors (4096K)
 Metaspace       used 5869K, committed 6016K, reserved 1114112K
  class space    used 681K, committed 768K, reserved 1048576K
}
Event: 10.183 GC heap before
{Heap before GC invocations=1 (full 0):
 garbage-first heap   total 258048K, used 34671K [0x0000000704e00000, 0x0000000800000000)
  region size 2048K, 17 young (34816K), 2 survivors (4096K)
 Metaspace       used 9213K, committed 9472K, reserved 1114112K
  class space    used 1083K, committed 1216K, reserved 1048576K
}
Event: 10.187 GC heap after
{Heap after GC invocations=2 (full 0):
 garbage-first heap   total 258048K, used 5402K [0x0000000704e00000, 0x0000000800000000)
  region size 2048K, 1 young (2048K), 1 survivors (2048K)
 Metaspace       used 9213K, committed 9472K, reserved 1114112K
  class space    used 1083K, committed 1216K, reserved 1048576K
}
Event: 30.793 GC heap before
{Heap before GC invocations=2 (full 0):
 garbage-first heap   total 258048K, used 156954K [0x0000000704e00000, 0x0000000800000000)
  region size 2048K, 75 young (153600K), 1 survivors (2048K)
 Metaspace       used 16766K, committed 17024K, reserved 1114112K
  class space    used 1910K, committed 2048K, reserved 1048576K
}
Event: 30.810 GC heap after
{Heap after GC invocations=3 (full 0):
 garbage-first heap   total 258048K, used 19303K [0x0000000704e00000, 0x0000000800000000)
  region size 2048K, 8 young (16384K), 8 survivors (16384K)
 Metaspace       used 16766K, committed 17024K, reserved 1114112K
  class space    used 1910K, committed 2048K, reserved 1048576K
}

